0 info it worked if it ends with ok
1 verbose cli [ '/usr/local/bin/node', '/usr/local/bin/npm', 'run', 'serve' ]
2 info using npm@3.10.10
3 info using node@v6.10.3
4 verbose run-script [ 'preserve', 'serve', 'postserve' ]
5 info lifecycle asix-final-project-frontend@1.0.0~preserve: asix-final-project-frontend@1.0.0
6 silly lifecycle asix-final-project-frontend@1.0.0~preserve: no script for preserve, continuing
7 info lifecycle asix-final-project-frontend@1.0.0~serve: asix-final-project-frontend@1.0.0
8 verbose lifecycle asix-final-project-frontend@1.0.0~serve: unsafe-perm in lifecycle true
9 verbose lifecycle asix-final-project-frontend@1.0.0~serve: PATH: /usr/local/lib/node_modules/npm/bin/node-gyp-bin:/usr/src/app/node_modules/.bin:/usr/local/sbin:/usr/local/bin:/usr/sbin:/usr/bin:/sbin:/bin
10 verbose lifecycle asix-final-project-frontend@1.0.0~serve: CWD: /usr/src/app
11 silly lifecycle asix-final-project-frontend@1.0.0~serve: Args: [ '-c',
11 silly lifecycle   'webpack-dev-server --content-base src --inline --progress --hot --host 0.0.0.0' ]
12 info lifecycle asix-final-project-frontend@1.0.0~serve: Failed to exec serve script
13 verbose stack Error: asix-final-project-frontend@1.0.0 serve: `webpack-dev-server --content-base src --inline --progress --hot --host 0.0.0.0`
13 verbose stack spawn ENOENT
13 verbose stack     at ChildProcess.<anonymous> (/usr/local/lib/node_modules/npm/lib/utils/spawn.js:33:16)
13 verbose stack     at emitTwo (events.js:106:13)
13 verbose stack     at ChildProcess.emit (events.js:191:7)
13 verbose stack     at maybeClose (internal/child_process.js:886:16)
13 verbose stack     at Process.ChildProcess._handle.onexit (internal/child_process.js:226:5)
14 verbose pkgid asix-final-project-frontend@1.0.0
15 verbose cwd /usr/src/app
16 error Linux 4.9.13-moby
17 error argv "/usr/local/bin/node" "/usr/local/bin/npm" "run" "serve"
18 error node v6.10.3
19 error npm  v3.10.10
20 error file sh
21 error code ELIFECYCLE
22 error errno ENOENT
23 error syscall spawn
24 error asix-final-project-frontend@1.0.0 serve: `webpack-dev-server --content-base src --inline --progress --hot --host 0.0.0.0`
24 error spawn ENOENT
25 error Failed at the asix-final-project-frontend@1.0.0 serve script 'webpack-dev-server --content-base src --inline --progress --hot --host 0.0.0.0'.
25 error Make sure you have the latest version of node.js and npm installed.
25 error If you do, this is most likely a problem with the asix-final-project-frontend package,
25 error not with npm itself.
25 error Tell the author that this fails on your system:
25 error     webpack-dev-server --content-base src --inline --progress --hot --host 0.0.0.0
25 error You can get information on how to open an issue for this project with:
25 error     npm bugs asix-final-project-frontend
25 error Or if that isn't available, you can get their info via:
25 error     npm owner ls asix-final-project-frontend
25 error There is likely additional logging output above.
26 verbose exit [ 1, true ]
